<?xml version="1.0" encoding="UTF-8"?>
<!-- Generated by org.testng.reporters.JUnitXMLReporter -->
<testsuite ignored="12" hostname="DESKTOP-PRC4QK7" failures="0" tests="3" name="Test" time="22.457" errors="0" timestamp="2023-01-06T15:36:49 IST">
  <testcase classname="keywordsFramework.GroupsTest" name="Test1" time="0.083"/>
  <testcase classname="keywordsFramework.GroupsTest" name="Test3" time="0.008"/>
  <testcase classname="TestCases.inventaryPageTest" name="verifyfacebookLogoTest" time="0.063"/>
  <testcase classname="TestCases.LoginPageTest" name="verifyPeekLogoTest" time="0.0">
    <ignored/>
  </testcase> <!-- verifyPeekLogoTest -->
  <testcase classname="TestCases.LoginPageTest" name="verifyBotLogoTest" time="0.0">
    <ignored/>
  </testcase> <!-- verifyBotLogoTest -->
  <testcase classname="keywordsFramework.GroupsTest" name="Test2" time="0.0">
    <ignored/>
  </testcase> <!-- Test2 -->
  <testcase classname="TestCases.LoginPageTest" name="loginToAppTest" time="0.0">
    <ignored/>
  </testcase> <!-- loginToAppTest -->
  <testcase classname="keywordsFramework.GroupsTest" name="Test4" time="0.0">
    <ignored/>
  </testcase> <!-- Test4 -->
  <testcase classname="TestCases.inventaryPageTest" name="verifytwitterLogoTest" time="0.0">
    <ignored/>
  </testcase> <!-- verifytwitterLogoTest -->
  <testcase classname="TestCases.LoginPageTest" name="verifyloginLogoTest" time="0.0">
    <ignored/>
  </testcase> <!-- verifyloginLogoTest -->
  <testcase classname="TestCases.inventaryPageTest" name="addProductTest" time="0.0">
    <ignored/>
  </testcase> <!-- addProductTest -->
  <testcase classname="TestCases.LoginPageTest" name="verifyCuURL" time="0.0">
    <ignored/>
  </testcase> <!-- verifyCuURL -->
  <testcase classname="TestCases.LoginPageTest" name="verifyTitleTest" time="0.0">
    <ignored/>
  </testcase> <!-- verifyTitleTest -->
  <testcase classname="TestCases.inventaryPageTest" name="verifyPeekLogoTest" time="0.0">
    <ignored/>
  </testcase> <!-- verifyPeekLogoTest -->
  <testcase classname="TestCases.inventaryPageTest" name="verifyLinkdInLogoTest" time="0.0">
    <ignored/>
  </testcase> <!-- verifyLinkdInLogoTest -->
</testsuite> <!-- Test -->
