<?xml version="1.0" encoding="UTF-8"?>
<!-- Generated by org.testng.reporters.JUnitXMLReporter -->
<testsuite ignored="2" hostname="DESKTOP-PRC4QK7" failures="0" tests="1" name="Default test(failed)(failed)(failed)(failed)" time="12.245" errors="0" timestamp="2023-01-11T09:42:40 IST">
  <testcase classname="TestCases.failedTestCase" name="Test2" time="0.085"/>
  <testcase classname="TestCases.failedTestCase" name="Test1" time="0.0">
    <ignored/>
  </testcase> <!-- Test1 -->
  <testcase classname="TestCases.failedTestCase" name="Test3" time="0.0">
    <ignored/>
  </testcase> <!-- Test3 -->
</testsuite> <!-- Default test(failed)(failed)(failed)(failed) -->
